<?xml version="1.0" encoding="UTF-8"?>
<!-- Generated by org.testng.reporters.JUnitXMLReporter -->
<testsuite ignored="0" hostname="TYSS-Monish-Rajendran" failures="0" tests="3" name="Default test" time="33.388" errors="0" timestamp="2024-02-06T17:50:02 IST">
  <testcase classname="org.automation.testScripts.RegisterScriptsTest" name="registerTestCase" time="4.18"/>
  <testcase classname="org.automation.testScripts.RegisterScriptsTest" name="registerTestCase" time="4.218"/>
  <testcase classname="org.automation.testScripts.RegisterScriptsTest" name="registerTestCase" time="5.148"/>
</testsuite> <!-- Default test -->
