<?xml version="1.0" encoding="UTF-8"?>
<!-- Generated by org.testng.reporters.JUnitXMLReporter -->
<testsuite ignored="0" hostname="TYSS-Monish-Rajendran" failures="0" tests="5" name="Test" time="63.61" errors="0" timestamp="2024-02-07T14:59:29 IST">
  <testcase classname="org.automation.testScripts.CartScriptsTest" name="cartTestScripts" time="9.904"/>
  <testcase classname="org.automation.testScripts.RegisterScriptsTest" name="registerTestCase" time="4.376"/>
  <testcase classname="org.automation.testScripts.RegisterScriptsTest" name="registerTestCase" time="4.94"/>
  <testcase classname="org.automation.testScripts.RegisterScriptsTest" name="registerTestCase" time="4.295"/>
  <testcase classname="org.automation.testScripts.WishListScriptsTest" name="wishListScripts" time="4.917"/>
</testsuite> <!-- Test -->
